<?xml version="1.0" encoding="UTF-8"?>
<!-- Generated by org.testng.reporters.JUnitReportReporter -->
<testsuite skipped="0" hostname="DESKTOP-8EQSD1V" name="com.TestRunner.FaceBookTester" tests="1" failures="0" timestamp="2021-01-31T18:17:25 IST" time="4.966" errors="0">
  <testcase name="LoginFaceBook" time="4.966" classname="com.TestRunner.FaceBookTester"/>
  <system-out/>
</testsuite> <!-- com.TestRunner.FaceBookTester -->
