<?xml version="1.0" encoding="UTF-8"?>
<!-- Generated by org.testng.reporters.JUnitReportReporter -->
<testsuite skipped="0" hostname="DESKTOP-8EQSD1V" name="com.TestRunner.MouseMovementConcept" tests="1" failures="0" timestamp="2021-03-23T21:17:46 IST" time="33.482" errors="0">
  <testcase name="MouseMovement" time="33.482" classname="com.TestRunner.MouseMovementConcept"/>
  <system-out/>
</testsuite> <!-- com.TestRunner.MouseMovementConcept -->
