<?xml version="1.0" encoding="UTF-8"?>
<!-- Generated by org.testng.reporters.JUnitReportReporter -->
<testsuite skipped="0" hostname="DESKTOP-8EQSD1V" name="com.TestRunner.TestNGInvocationCount" tests="1" failures="0" timestamp="2021-03-24T14:52:38 IST" time="15.718" errors="0">
  <testcase name="sum" time="15.718" classname="com.TestRunner.TestNGInvocationCount"/>
  <system-out/>
</testsuite> <!-- com.TestRunner.TestNGInvocationCount -->
