<?xml version="1.0" encoding="UTF-8"?>
<!-- Generated by org.testng.reporters.JUnitReportReporter -->
<testsuite skipped="0" hostname="DESKTOP-8EQSD1V" name="com.TestRunner.TestNGInvocationCount" tests="5" failures="0" timestamp="2021-02-04T12:59:30 IST" time="45.201" errors="0">
  <testcase name="sum" time="6.943" classname="com.TestRunner.TestNGInvocationCount"/>
  <system-out/>
  <testcase name="sum" time="7.997" classname="com.TestRunner.TestNGInvocationCount"/>
  <system-out/>
  <testcase name="sum" time="14.772" classname="com.TestRunner.TestNGInvocationCount"/>
  <system-out/>
  <testcase name="sum" time="8.998" classname="com.TestRunner.TestNGInvocationCount"/>
  <system-out/>
  <testcase name="sum" time="6.491" classname="com.TestRunner.TestNGInvocationCount"/>
  <system-out/>
</testsuite> <!-- com.TestRunner.TestNGInvocationCount -->
