<?xml version="1.0" encoding="UTF-8"?>
<!-- Generated by org.testng.reporters.JUnitReportReporter -->
<testsuite skipped="0" hostname="DESKTOP-8EQSD1V" name="com.TestRunner.GoogleTitleTest" tests="3" failures="0" timestamp="2021-02-08T12:47:50 IST" time="13.653" errors="0">
  <testcase name="googlemailTest" time="4.648" classname="com.TestRunner.GoogleTitleTest"/>
  <system-out/>
  <testcase name="googleTitle" time="3.959" classname="com.TestRunner.GoogleTitleTest"/>
  <system-out/>
  <testcase name="googleLogoTest" time="5.046" classname="com.TestRunner.GoogleTitleTest"/>
  <system-out/>
</testsuite> <!-- com.TestRunner.GoogleTitleTest -->
