<?xml version="1.0" encoding="UTF-8"?>
<!-- Generated by org.testng.reporters.JUnitReportReporter -->
<testsuite skipped="0" hostname="DESKTOP-8EQSD1V" name="com.TestRunner.DragAndDropConcept" tests="1" failures="0" timestamp="2021-03-23T18:25:21 IST" time="6.624" errors="0">
  <testcase name="DragDrop" time="6.624" classname="com.TestRunner.DragAndDropConcept"/>
  <system-out/>
</testsuite> <!-- com.TestRunner.DragAndDropConcept -->
