<?xml version="1.0" encoding="UTF-8"?>
<!-- Generated by org.testng.reporters.JUnitReportReporter -->
<testsuite skipped="0" hostname="DESKTOP-8EQSD1V" name="com.TestRunner.TestNGFeatures" tests="4" failures="0" timestamp="2021-02-04T12:59:30 IST" time="0.016" errors="0">
  <testcase name="search" time="0.001" classname="com.TestRunner.TestNGFeatures"/>
  <system-out/>
  <testcase name="login" time="0.007" classname="com.TestRunner.TestNGFeatures"/>
  <system-out/>
  <testcase name="Homepage" time="0.006" classname="com.TestRunner.TestNGFeatures"/>
  <system-out/>
  <testcase name="Regstrationpage" time="0.002" classname="com.TestRunner.TestNGFeatures"/>
  <system-out/>
</testsuite> <!-- com.TestRunner.TestNGFeatures -->
