<?xml version="1.0" encoding="UTF-8"?>
<!-- Generated by org.testng.reporters.JUnitReportReporter -->
<testsuite skipped="0" hostname="DESKTOP-8EQSD1V" name="com.TestRunner.ExecuteTestCase" tests="1" failures="0" timestamp="2021-01-31T13:07:09 IST" time="8.219" errors="0">
  <testcase name="CRMProTest" time="8.219" classname="com.TestRunner.ExecuteTestCase"/>
  <system-out/>
</testsuite> <!-- com.TestRunner.ExecuteTestCase -->
