<?xml version="1.0" encoding="UTF-8"?>
<!-- Generated by org.testng.reporters.JUnitReportReporter -->
<testsuite skipped="0" hostname="DESKTOP-8EQSD1V" name="com.DataDriven.test.DateDrivenTest" tests="1" failures="0" timestamp="2021-02-01T12:25:04 IST" time="0.660" errors="0">
  <testcase name="readDatefromExcel" time="0.660" classname="com.DataDriven.test.DateDrivenTest"/>
  <system-out/>
</testsuite> <!-- com.DataDriven.test.DateDrivenTest -->
