<?xml version="1.0" encoding="UTF-8"?>
<!-- Generated by org.testng.reporters.JUnitReportReporter -->
<testsuite skipped="0" hostname="DESKTOP-8EQSD1V" name="com.TestRunner.CRMProSingUp" tests="1" failures="0" timestamp="2021-01-31T13:21:57 IST" time="23.745" errors="0">
  <testcase name="CRMProTest" time="23.745" classname="com.TestRunner.CRMProSingUp"/>
  <system-out/>
</testsuite> <!-- com.TestRunner.CRMProSingUp -->
