<?xml version="1.0" encoding="UTF-8"?>
<!-- Generated by org.testng.reporters.JUnitReportReporter -->
<testsuite skipped="0" hostname="DESKTOP-8EQSD1V" name="com.TestRunner.AutomateDropDown_GoogleSearch" tests="1" failures="0" timestamp="2021-03-22T22:21:53 IST" time="3.843" errors="0">
  <testcase name="setup" time="3.843" classname="com.TestRunner.AutomateDropDown_GoogleSearch"/>
  <system-out/>
</testsuite> <!-- com.TestRunner.AutomateDropDown_GoogleSearch -->
