<?xml version="1.0" encoding="UTF-8"?>
<!-- Generated by org.testng.reporters.JUnitReportReporter -->
<testsuite skipped="0" hostname="DESKTOP-8EQSD1V" name="com.TestRunner.TestNGBasic" tests="1" failures="0" timestamp="2021-02-04T12:59:30 IST" time="0.010" errors="0">
  <testcase name="getGoogleTitle" time="0.010" classname="com.TestRunner.TestNGBasic"/>
  <system-out/>
</testsuite> <!-- com.TestRunner.TestNGBasic -->
